<?xml version="1.0" encoding="UTF-8"?>
<coverage generated="1784754837656" clover="3.2.0">
  <project timestamp="1784754837656" name="All files">
    <metrics statements="228" coveredstatements="215" conditionals="118" coveredconditionals="106" methods="38" coveredmethods="34" elements="384" coveredelements="355" complexity="0" loc="228" ncloc="228" packages="10" files="12" classes="12"/>
    <package name="backend">
      <metrics statements="6" coveredstatements="4" conditionals="4" coveredconditionals="3" methods="1" coveredmethods="0"/>
      <file name="index.js" path="/Users/eduardocabrera/Documents/projects/Smart-Queue-Management-Application/backend/index.js">
        <metrics statements="6" coveredstatements="4" conditionals="4" coveredconditionals="3" methods="1" coveredmethods="0"/>
        <line num="1" count="1" type="stmt"/>
        <line num="3" count="1" type="cond" truecount="2" falsecount="0"/>
        <line num="5" count="1" type="cond" truecount="1" falsecount="1"/>
        <line num="6" count="0" type="stmt"/>
        <line num="7" count="0" type="stmt"/>
        <line num="11" count="1" type="stmt"/>
      </file>
    </package>
    <package name="backend.config">
      <metrics statements="13" coveredstatements="11" conditionals="6" coveredconditionals="4" methods="0" coveredmethods="0"/>
      <file name="firebase.js" path="/Users/eduardocabrera/Documents/projects/Smart-Queue-Management-Application/backend/config/firebase.js">
        <metrics statements="13" coveredstatements="11" conditionals="6" coveredconditionals="4" methods="0" coveredmethods="0"/>
        <line num="1" count="2" type="stmt"/>
        <line num="5" count="2" type="stmt"/>
        <line num="6" count="2" type="stmt"/>
        <line num="8" count="2" type="stmt"/>
        <line num="11" count="2" type="stmt"/>
        <line num="14" count="2" type="cond" truecount="3" falsecount="1"/>
        <line num="15" count="2" type="stmt"/>
        <line num="16" count="2" type="cond" truecount="1" falsecount="1"/>
        <line num="17" count="0" type="stmt"/>
        <line num="21" count="2" type="stmt"/>
        <line num="23" count="2" type="stmt"/>
        <line num="25" count="0" type="stmt"/>
        <line num="29" count="2" type="stmt"/>
      </file>
    </package>
    <package name="backend.controllers">
      <metrics statements="16" coveredstatements="13" conditionals="12" coveredconditionals="9" methods="1" coveredmethods="1"/>
      <file name="authController.js" path="/Users/eduardocabrera/Documents/projects/Smart-Queue-Management-Application/backend/controllers/authController.js">
        <metrics statements="16" coveredstatements="13" conditionals="12" coveredconditionals="9" methods="1" coveredmethods="1"/>
        <line num="1" count="3" type="stmt"/>
        <line num="6" count="3" type="stmt"/>
        <line num="7" count="2" type="stmt"/>
        <line num="8" count="2" type="stmt"/>
        <line num="9" count="2" type="stmt"/>
        <line num="12" count="2" type="cond" truecount="3" falsecount="1"/>
        <line num="13" count="0" type="stmt"/>
        <line num="16" count="2" type="cond" truecount="1" falsecount="1"/>
        <line num="20" count="2" type="stmt"/>
        <line num="21" count="2" type="cond" truecount="4" falsecount="0"/>
        <line num="22" count="1" type="stmt"/>
        <line num="25" count="2" type="stmt"/>
        <line num="34" count="2" type="stmt"/>
        <line num="39" count="0" type="stmt"/>
        <line num="40" count="0" type="stmt"/>
        <line num="44" count="3" type="stmt"/>
      </file>
    </package>
    <package name="backend.data">
      <metrics statements="2" coveredstatements="2" conditionals="0" coveredconditionals="0" methods="0" coveredmethods="0"/>
      <file name="users.js" path="/Users/eduardocabrera/Documents/projects/Smart-Queue-Management-Application/backend/data/users.js">
        <metrics statements="2" coveredstatements="2" conditionals="0" coveredconditionals="0" methods="0" coveredmethods="0"/>
        <line num="4" count="3" type="stmt"/>
        <line num="6" count="3" type="stmt"/>
      </file>
    </package>
    <package name="backend.middleware">
      <metrics statements="23" coveredstatements="23" conditionals="14" coveredconditionals="13" methods="3" coveredmethods="3"/>
      <file name="authMiddleware.js" path="/Users/eduardocabrera/Documents/projects/Smart-Queue-Management-Application/backend/middleware/authMiddleware.js">
        <metrics statements="23" coveredstatements="23" conditionals="14" coveredconditionals="13" methods="3" coveredmethods="3"/>
        <line num="1" count="3" type="stmt"/>
        <line num="2" count="3" type="stmt"/>
        <line num="5" count="3" type="stmt"/>
        <line num="8" count="6" type="cond" truecount="2" falsecount="0"/>
        <line num="12" count="5" type="stmt"/>
        <line num="15" count="6" type="cond" truecount="2" falsecount="0"/>
        <line num="16" count="1" type="stmt"/>
        <line num="19" count="5" type="stmt"/>
        <line num="21" count="5" type="stmt"/>
        <line num="24" count="4" type="stmt"/>
        <line num="27" count="4" type="stmt"/>
        <line num="28" count="4" type="cond" truecount="2" falsecount="0"/>
        <line num="29" count="2" type="stmt"/>
        <line num="31" count="2" type="stmt"/>
        <line num="34" count="4" type="stmt"/>
        <line num="36" count="1" type="stmt"/>
        <line num="37" count="1" type="stmt"/>
        <line num="42" count="3" type="stmt"/>
        <line num="43" count="3" type="stmt"/>
        <line num="44" count="2" type="cond" truecount="4" falsecount="0"/>
        <line num="45" count="1" type="stmt"/>
        <line num="49" count="1" type="stmt"/>
        <line num="53" count="3" type="stmt"/>
      </file>
    </package>
    <package name="backend.routes">
      <metrics statements="9" coveredstatements="9" conditionals="0" coveredconditionals="0" methods="1" coveredmethods="1"/>
      <file name="auth.js" path="/Users/eduardocabrera/Documents/projects/Smart-Queue-Management-Application/backend/routes/auth.js">
        <metrics statements="9" coveredstatements="9" conditionals="0" coveredconditionals="0" methods="1" coveredmethods="1"/>
        <line num="1" count="3" type="stmt"/>
        <line num="2" count="3" type="stmt"/>
        <line num="3" count="3" type="stmt"/>
        <line num="4" count="3" type="stmt"/>
        <line num="7" count="3" type="stmt"/>
        <line num="10" count="3" type="stmt"/>
        <line num="11" count="3" type="stmt"/>
        <line num="12" count="1" type="stmt"/>
        <line num="15" count="3" type="stmt"/>
      </file>
    </package>
    <package name="backend.src">
      <metrics statements="19" coveredstatements="15" conditionals="0" coveredconditionals="0" methods="3" coveredmethods="0"/>
      <file name="app.js" path="/Users/eduardocabrera/Documents/projects/Smart-Queue-Management-Application/backend/src/app.js">
        <metrics statements="19" coveredstatements="15" conditionals="0" coveredconditionals="0" methods="3" coveredmethods="0"/>
        <line num="1" count="3" type="stmt"/>
        <line num="2" count="3" type="stmt"/>
        <line num="4" count="3" type="stmt"/>
        <line num="5" count="3" type="stmt"/>
        <line num="7" count="3" type="stmt"/>
        <line num="9" count="3" type="stmt"/>
        <line num="11" count="3" type="stmt"/>
        <line num="13" count="3" type="stmt"/>
        <line num="14" count="0" type="stmt"/>
        <line num="17" count="3" type="stmt"/>
        <line num="19" count="3" type="stmt"/>
        <line num="21" count="3" type="stmt"/>
        <line num="22" count="3" type="stmt"/>
        <line num="24" count="3" type="stmt"/>
        <line num="25" count="0" type="stmt"/>
        <line num="28" count="3" type="stmt"/>
        <line num="29" count="0" type="stmt"/>
        <line num="30" count="0" type="stmt"/>
        <line num="33" count="3" type="stmt"/>
      </file>
    </package>
    <package name="backend.src.data">
      <metrics statements="13" coveredstatements="13" conditionals="0" coveredconditionals="0" methods="3" coveredmethods="3"/>
      <file name="store.js" path="/Users/eduardocabrera/Documents/projects/Smart-Queue-Management-Application/backend/src/data/store.js">
        <metrics statements="13" coveredstatements="13" conditionals="0" coveredconditionals="0" methods="3" coveredmethods="3"/>
        <line num="1" count="3" type="stmt"/>
        <line num="4" count="47" type="stmt"/>
        <line num="5" count="47" type="stmt"/>
        <line num="50" count="47" type="stmt"/>
        <line num="51" count="47" type="stmt"/>
        <line num="52" count="47" type="stmt"/>
        <line num="62" count="3" type="stmt"/>
        <line num="63" count="3" type="stmt"/>
        <line num="66" count="44" type="stmt"/>
        <line num="67" count="44" type="stmt"/>
        <line num="68" count="44" type="stmt"/>
        <line num="69" count="44" type="stmt"/>
        <line num="72" count="3" type="stmt"/>
      </file>
    </package>
    <package name="backend.src.routes">
      <metrics statements="92" coveredstatements="92" conditionals="36" coveredconditionals="35" methods="24" coveredmethods="24"/>
      <file name="queue.js" path="/Users/eduardocabrera/Documents/projects/Smart-Queue-Management-Application/backend/src/routes/queue.js">
        <metrics statements="56" coveredstatements="56" conditionals="24" coveredconditionals="23" methods="18" coveredmethods="18"/>
        <line num="1" count="3" type="stmt"/>
        <line num="2" count="3" type="stmt"/>
        <line num="4" count="3" type="stmt"/>
        <line num="5" count="3" type="stmt"/>
        <line num="7" count="3" type="stmt"/>
        <line num="9" count="3" type="stmt"/>
        <line num="12" count="29" type="stmt"/>
        <line num="13" count="162" type="stmt"/>
        <line num="15" count="54" type="cond" truecount="2" falsecount="0"/>
        <line num="20" count="18" type="cond" truecount="1" falsecount="1"/>
        <line num="21" count="42" type="stmt"/>
        <line num="28" count="3" type="stmt"/>
        <line num="29" count="4" type="stmt"/>
        <line num="35" count="1" type="stmt"/>
        <line num="38" count="3" type="stmt"/>
        <line num="39" count="16" type="stmt"/>
        <line num="40" count="9" type="cond" truecount="2" falsecount="0"/>
        <line num="41" count="1" type="stmt"/>
        <line num="44" count="8" type="stmt"/>
        <line num="45" count="8" type="stmt"/>
        <line num="53" count="3" type="stmt"/>
        <line num="54" count="13" type="stmt"/>
        <line num="55" count="7" type="cond" truecount="2" falsecount="0"/>
        <line num="56" count="1" type="stmt"/>
        <line num="59" count="6" type="cond" truecount="2" falsecount="0"/>
        <line num="60" count="1" type="stmt"/>
        <line num="63" count="5" type="stmt"/>
        <line num="64" count="5" type="cond" truecount="2" falsecount="0"/>
        <line num="65" count="2" type="stmt"/>
        <line num="68" count="3" type="stmt"/>
        <line num="76" count="3" type="stmt"/>
        <line num="78" count="3" type="stmt"/>
        <line num="79" count="10" type="stmt"/>
        <line num="81" count="3" type="stmt"/>
        <line num="87" count="3" type="stmt"/>
        <line num="88" count="8" type="stmt"/>
        <line num="89" count="4" type="cond" truecount="2" falsecount="0"/>
        <line num="90" count="1" type="stmt"/>
        <line num="93" count="3" type="stmt"/>
        <line num="94" count="13" type="cond" truecount="2" falsecount="0"/>
        <line num="97" count="3" type="cond" truecount="2" falsecount="0"/>
        <line num="98" count="2" type="stmt"/>
        <line num="101" count="1" type="stmt"/>
        <line num="103" count="1" type="stmt"/>
        <line num="109" count="3" type="stmt"/>
        <line num="110" count="14" type="stmt"/>
        <line num="111" count="8" type="cond" truecount="2" falsecount="0"/>
        <line num="112" count="1" type="stmt"/>
        <line num="115" count="7" type="stmt"/>
        <line num="116" count="7" type="stmt"/>
        <line num="117" count="7" type="cond" truecount="2" falsecount="0"/>
        <line num="118" count="1" type="stmt"/>
        <line num="121" count="10" type="stmt"/>
        <line num="122" count="6" type="stmt"/>
        <line num="124" count="6" type="stmt"/>
        <line num="130" count="3" type="stmt"/>
      </file>
      <file name="services.js" path="/Users/eduardocabrera/Documents/projects/Smart-Queue-Management-Application/backend/src/routes/services.js">
        <metrics statements="36" coveredstatements="36" conditionals="12" coveredconditionals="12" methods="6" coveredmethods="6"/>
        <line num="1" count="3" type="stmt"/>
        <line num="2" count="3" type="stmt"/>
        <line num="4" count="3" type="stmt"/>
        <line num="5" count="3" type="stmt"/>
        <line num="7" count="3" type="stmt"/>
        <line num="9" count="3" type="stmt"/>
        <line num="10" count="2" type="stmt"/>
        <line num="13" count="3" type="stmt"/>
        <line num="14" count="7" type="stmt"/>
        <line num="15" count="3" type="cond" truecount="2" falsecount="0"/>
        <line num="16" count="1" type="stmt"/>
        <line num="18" count="2" type="stmt"/>
        <line num="21" count="3" type="stmt"/>
        <line num="22" count="15" type="stmt"/>
        <line num="23" count="15" type="cond" truecount="2" falsecount="0"/>
        <line num="24" count="11" type="stmt"/>
        <line num="27" count="4" type="stmt"/>
        <line num="28" count="4" type="stmt"/>
        <line num="39" count="4" type="stmt"/>
        <line num="40" count="4" type="stmt"/>
        <line num="43" count="3" type="stmt"/>
        <line num="44" count="9" type="stmt"/>
        <line num="45" count="5" type="cond" truecount="2" falsecount="0"/>
        <line num="46" count="1" type="stmt"/>
        <line num="49" count="4" type="stmt"/>
        <line num="50" count="4" type="cond" truecount="2" falsecount="0"/>
        <line num="51" count="1" type="stmt"/>
        <line num="54" count="3" type="stmt"/>
        <line num="55" count="3" type="stmt"/>
        <line num="56" count="3" type="stmt"/>
        <line num="57" count="3" type="stmt"/>
        <line num="58" count="3" type="cond" truecount="2" falsecount="0"/>
        <line num="59" count="2" type="stmt"/>
        <line num="61" count="3" type="stmt"/>
        <line num="63" count="3" type="stmt"/>
        <line num="66" count="3" type="stmt"/>
      </file>
    </package>
    <package name="backend.src.validators">
      <metrics statements="35" coveredstatements="33" conditionals="46" coveredconditionals="42" methods="2" coveredmethods="2"/>
      <file name="queueValidator.js" path="/Users/eduardocabrera/Documents/projects/Smart-Queue-Management-Application/backend/src/validators/queueValidator.js">
        <metrics statements="12" coveredstatements="11" conditionals="14" coveredconditionals="12" methods="1" coveredmethods="1"/>
        <line num="1" count="3" type="stmt"/>
        <line num="2" count="3" type="stmt"/>
        <line num="5" count="5" type="stmt"/>
        <line num="6" count="5" type="cond" truecount="3" falsecount="1"/>
        <line num="8" count="5" type="cond" truecount="4" falsecount="0"/>
        <line num="9" count="1" type="stmt"/>
        <line num="10" count="4" type="cond" truecount="1" falsecount="1"/>
        <line num="11" count="0" type="stmt"/>
        <line num="14" count="5" type="cond" truecount="4" falsecount="0"/>
        <line num="15" count="1" type="stmt"/>
        <line num="18" count="5" type="stmt"/>
        <line num="21" count="3" type="stmt"/>
      </file>
      <file name="serviceValidator.js" path="/Users/eduardocabrera/Documents/projects/Smart-Queue-Management-Application/backend/src/validators/serviceValidator.js">
        <metrics statements="23" coveredstatements="22" conditionals="32" coveredconditionals="30" methods="1" coveredmethods="1"/>
        <line num="1" count="3" type="stmt"/>
        <line num="2" count="3" type="stmt"/>
        <line num="5" count="19" type="stmt"/>
        <line num="6" count="19" type="cond" truecount="3" falsecount="1"/>
        <line num="8" count="19" type="cond" truecount="4" falsecount="0"/>
        <line num="9" count="4" type="stmt"/>
        <line num="10" count="15" type="cond" truecount="2" falsecount="0"/>
        <line num="11" count="1" type="stmt"/>
        <line num="14" count="19" type="cond" truecount="4" falsecount="0"/>
        <line num="15" count="2" type="stmt"/>
        <line num="18" count="19" type="cond" truecount="5" falsecount="0"/>
        <line num="19" count="2" type="stmt"/>
        <line num="21" count="17" type="stmt"/>
        <line num="22" count="17" type="cond" truecount="5" falsecount="0"/>
        <line num="23" count="2" type="stmt"/>
        <line num="24" count="15" type="cond" truecount="2" falsecount="0"/>
        <line num="25" count="1" type="stmt"/>
        <line num="29" count="19" type="cond" truecount="2" falsecount="0"/>
        <line num="30" count="3" type="stmt"/>
        <line num="33" count="19" type="cond" truecount="3" falsecount="1"/>
        <line num="34" count="0" type="stmt"/>
        <line num="37" count="19" type="stmt"/>
        <line num="40" count="3" type="stmt"/>
      </file>
    </package>
  </project>
</coverage>
