{"/Users/eduardocabrera/Documents/projects/Smart-Queue-Management-Application/backend/index.js": {"path":"/Users/eduardocabrera/Documents/projects/Smart-Queue-Management-Application/backend/index.js","statementMap":{"0":{"start":{"line":1,"column":12},"end":{"line":1,"column":32}},"1":{"start":{"line":3,"column":13},"end":{"line":3,"column":37}},"2":{"start":{"line":5,"column":0},"end":{"line":9,"column":1}},"3":{"start":{"line":6,"column":2},"end":{"line":8,"column":5}},"4":{"start":{"line":7,"column":4},"end":{"line":7,"column":53}},"5":{"start":{"line":11,"column":0},"end":{"line":11,"column":21}}},"fnMap":{"0":{"name":"(anonymous_0)","decl":{"start":{"line":6,"column":19},"end":{"line":6,"column":20}},"loc":{"start":{"line":6,"column":25},"end":{"line":8,"column":3}},"line":6}},"branchMap":{"0":{"loc":{"start":{"line":3,"column":13},"end":{"line":3,"column":37}},"type":"binary-expr","locations":[{"start":{"line":3,"column":13},"end":{"line":3,"column":29}},{"start":{"line":3,"column":33},"end":{"line":3,"column":37}}],"line":3},"1":{"loc":{"start":{"line":5,"column":0},"end":{"line":9,"column":1}},"type":"if","locations":[{"start":{"line":5,"column":0},"end":{"line":9,"column":1}},{"start":{},"end":{}}],"line":5}},"s":{"0":1,"1":1,"2":1,"3":0,"4":0,"5":1},"f":{"0":0},"b":{"0":[1,1],"1":[0,1]},"_coverageSchema":"1a1c01bbd47fc00a2c39e90264f33305004495a9","hash":"f210b00a7e0bd5422149f4c20ed0c4abc12f275b"}
,"/Users/eduardocabrera/Documents/projects/Smart-Queue-Management-Application/backend/config/firebase.js": {"path":"/Users/eduardocabrera/Documents/projects/Smart-Queue-Management-Application/backend/config/firebase.js","statementMap":{"0":{"start":{"line":1,"column":14},"end":{"line":1,"column":39}},"1":{"start":{"line":5,"column":0},"end":{"line":9,"column":1}},"2":{"start":{"line":6,"column":2},"end":{"line":6,"column":55}},"3":{"start":{"line":8,"column":2},"end":{"line":8,"column":133}},"4":{"start":{"line":11,"column":20},"end":{"line":11,"column":25}},"5":{"start":{"line":14,"column":0},"end":{"line":27,"column":1}},"6":{"start":{"line":15,"column":2},"end":{"line":26,"column":3}},"7":{"start":{"line":16,"column":4},"end":{"line":22,"column":5}},"8":{"start":{"line":17,"column":6},"end":{"line":19,"column":9}},"9":{"start":{"line":21,"column":6},"end":{"line":21,"column":28}},"10":{"start":{"line":23,"column":4},"end":{"line":23,"column":25}},"11":{"start":{"line":25,"column":4},"end":{"line":25,"column":65}},"12":{"start":{"line":29,"column":0},"end":{"line":29,"column":23}}},"fnMap":{},"branchMap":{"0":{"loc":{"start":{"line":14,"column":0},"end":{"line":27,"column":1}},"type":"if","locations":[{"start":{"line":14,"column":0},"end":{"line":27,"column":1}},{"start":{},"end":{}}],"line":14},"1":{"loc":{"start":{"line":14,"column":4},"end":{"line":14,"column":55}},"type":"binary-expr","locations":[{"start":{"line":14,"column":4},"end":{"line":14,"column":28}},{"start":{"line":14,"column":32},"end":{"line":14,"column":55}}],"line":14},"2":{"loc":{"start":{"line":16,"column":4},"end":{"line":22,"column":5}},"type":"if","locations":[{"start":{"line":16,"column":4},"end":{"line":22,"column":5}},{"start":{"line":20,"column":11},"end":{"line":22,"column":5}}],"line":16}},"s":{"0":2,"1":2,"2":2,"3":2,"4":2,"5":2,"6":2,"7":2,"8":0,"9":2,"10":2,"11":0,"12":2},"f":{},"b":{"0":[2,0],"1":[2,2],"2":[0,2]},"_coverageSchema":"1a1c01bbd47fc00a2c39e90264f33305004495a9","hash":"77234c6c1705b1779d1584eb6c828ae585b0f4e4"}
,"/Users/eduardocabrera/Documents/projects/Smart-Queue-Management-Application/backend/controllers/authController.js": {"path":"/Users/eduardocabrera/Documents/projects/Smart-Queue-Management-Application/backend/controllers/authController.js","statementMap":{"0":{"start":{"line":1,"column":23},"end":{"line":1,"column":47}},"1":{"start":{"line":6,"column":17},"end":{"line":42,"column":1}},"2":{"start":{"line":7,"column":2},"end":{"line":41,"column":3}},"3":{"start":{"line":8,"column":27},"end":{"line":8,"column":35}},"4":{"start":{"line":9,"column":27},"end":{"line":9,"column":35}},"5":{"start":{"line":12,"column":4},"end":{"line":14,"column":5}},"6":{"start":{"line":13,"column":6},"end":{"line":13,"column":83}},"7":{"start":{"line":16,"column":4},"end":{"line":32,"column":5}},"8":{"start":{"line":20,"column":25},"end":{"line":20,"column":31}},"9":{"start":{"line":21,"column":6},"end":{"line":23,"column":7}},"10":{"start":{"line":22,"column":8},"end":{"line":22,"column":31}},"11":{"start":{"line":25,"column":6},"end":{"line":31,"column":8}},"12":{"start":{"line":34,"column":4},"end":{"line":37,"column":7}},"13":{"start":{"line":39,"column":4},"end":{"line":39,"column":48}},"14":{"start":{"line":40,"column":4},"end":{"line":40,"column":71}},"15":{"start":{"line":44,"column":0},"end":{"line":46,"column":2}}},"fnMap":{"0":{"name":"(anonymous_0)","decl":{"start":{"line":6,"column":17},"end":{"line":6,"column":18}},"loc":{"start":{"line":6,"column":31},"end":{"line":42,"column":1}},"line":6}},"branchMap":{"0":{"loc":{"start":{"line":12,"column":4},"end":{"line":14,"column":5}},"type":"if","locations":[{"start":{"line":12,"column":4},"end":{"line":14,"column":5}},{"start":{},"end":{}}],"line":12},"1":{"loc":{"start":{"line":12,"column":8},"end":{"line":12,"column":43}},"type":"binary-expr","locations":[{"start":{"line":12,"column":8},"end":{"line":12,"column":14}},{"start":{"line":12,"column":18},"end":{"line":12,"column":43}}],"line":12},"2":{"loc":{"start":{"line":16,"column":4},"end":{"line":32,"column":5}},"type":"if","locations":[{"start":{"line":16,"column":4},"end":{"line":32,"column":5}},{"start":{},"end":{}}],"line":16},"3":{"loc":{"start":{"line":21,"column":6},"end":{"line":23,"column":7}},"type":"if","locations":[{"start":{"line":21,"column":6},"end":{"line":23,"column":7}},{"start":{},"end":{}}],"line":21},"4":{"loc":{"start":{"line":21,"column":10},"end":{"line":21,"column":54}},"type":"binary-expr","locations":[{"start":{"line":21,"column":10},"end":{"line":21,"column":26}},{"start":{"line":21,"column":30},"end":{"line":21,"column":54}}],"line":21},"5":{"loc":{"start":{"line":28,"column":14},"end":{"line":28,"column":24}},"type":"binary-expr","locations":[{"start":{"line":28,"column":14},"end":{"line":28,"column":18}},{"start":{"line":28,"column":22},"end":{"line":28,"column":24}}],"line":28}},"s":{"0":3,"1":3,"2":2,"3":2,"4":2,"5":2,"6":0,"7":2,"8":2,"9":2,"10":1,"11":2,"12":2,"13":0,"14":0,"15":3},"f":{"0":2},"b":{"0":[0,2],"1":[2,2],"2":[2,0],"3":[1,1],"4":[2,1],"5":[2,0]},"_coverageSchema":"1a1c01bbd47fc00a2c39e90264f33305004495a9","hash":"5531d0706271219705fc9e7d386e6ead2140a279"}
,"/Users/eduardocabrera/Documents/projects/Smart-Queue-Management-Application/backend/data/users.js": {"path":"/Users/eduardocabrera/Documents/projects/Smart-Queue-Management-Application/backend/data/users.js","statementMap":{"0":{"start":{"line":4,"column":19},"end":{"line":4,"column":21}},"1":{"start":{"line":6,"column":0},"end":{"line":8,"column":2}}},"fnMap":{},"branchMap":{},"s":{"0":3,"1":3},"f":{},"b":{},"_coverageSchema":"1a1c01bbd47fc00a2c39e90264f33305004495a9","hash":"743fa5130cd553c8331c7e3839810378efa04e0e"}
,"/Users/eduardocabrera/Documents/projects/Smart-Queue-Management-Application/backend/middleware/authMiddleware.js": {"path":"/Users/eduardocabrera/Documents/projects/Smart-Queue-Management-Application/backend/middleware/authMiddleware.js","statementMap":{"0":{"start":{"line":1,"column":14},"end":{"line":1,"column":43}},"1":{"start":{"line":2,"column":23},"end":{"line":2,"column":47}},"2":{"start":{"line":5,"column":28},"end":{"line":39,"column":1}},"3":{"start":{"line":8,"column":2},"end":{"line":13,"column":3}},"4":{"start":{"line":12,"column":4},"end":{"line":12,"column":52}},"5":{"start":{"line":15,"column":2},"end":{"line":17,"column":3}},"6":{"start":{"line":16,"column":4},"end":{"line":16,"column":80}},"7":{"start":{"line":19,"column":2},"end":{"line":38,"column":3}},"8":{"start":{"line":21,"column":25},"end":{"line":21,"column":64}},"9":{"start":{"line":24,"column":4},"end":{"line":24,"column":28}},"10":{"start":{"line":27,"column":22},"end":{"line":27,"column":50}},"11":{"start":{"line":28,"column":4},"end":{"line":32,"column":5}},"12":{"start":{"line":29,"column":6},"end":{"line":29,"column":37}},"13":{"start":{"line":31,"column":6},"end":{"line":31,"column":29}},"14":{"start":{"line":34,"column":4},"end":{"line":34,"column":11}},"15":{"start":{"line":36,"column":4},"end":{"line":36,"column":60}},"16":{"start":{"line":37,"column":4},"end":{"line":37,"column":88}},"17":{"start":{"line":42,"column":18},"end":{"line":51,"column":1}},"18":{"start":{"line":43,"column":2},"end":{"line":50,"column":4}},"19":{"start":{"line":44,"column":4},"end":{"line":48,"column":5}},"20":{"start":{"line":45,"column":6},"end":{"line":47,"column":9}},"21":{"start":{"line":49,"column":4},"end":{"line":49,"column":11}},"22":{"start":{"line":53,"column":0},"end":{"line":53,"column":52}}},"fnMap":{"0":{"name":"(anonymous_0)","decl":{"start":{"line":5,"column":28},"end":{"line":5,"column":29}},"loc":{"start":{"line":5,"column":54},"end":{"line":39,"column":1}},"line":5},"1":{"name":"(anonymous_1)","decl":{"start":{"line":42,"column":18},"end":{"line":42,"column":19}},"loc":{"start":{"line":42,"column":32},"end":{"line":51,"column":1}},"line":42},"2":{"name":"(anonymous_2)","decl":{"start":{"line":43,"column":9},"end":{"line":43,"column":10}},"loc":{"start":{"line":43,"column":29},"end":{"line":50,"column":3}},"line":43}},"branchMap":{"0":{"loc":{"start":{"line":8,"column":2},"end":{"line":13,"column":3}},"type":"if","locations":[{"start":{"line":8,"column":2},"end":{"line":13,"column":3}},{"start":{},"end":{}}],"line":8},"1":{"loc":{"start":{"line":9,"column":4},"end":{"line":10,"column":50}},"type":"binary-expr","locations":[{"start":{"line":9,"column":4},"end":{"line":9,"column":29}},{"start":{"line":10,"column":4},"end":{"line":10,"column":50}}],"line":9},"2":{"loc":{"start":{"line":15,"column":2},"end":{"line":17,"column":3}},"type":"if","locations":[{"start":{"line":15,"column":2},"end":{"line":17,"column":3}},{"start":{},"end":{}}],"line":15},"3":{"loc":{"start":{"line":28,"column":4},"end":{"line":32,"column":5}},"type":"if","locations":[{"start":{"line":28,"column":4},"end":{"line":32,"column":5}},{"start":{"line":30,"column":11},"end":{"line":32,"column":5}}],"line":28},"4":{"loc":{"start":{"line":44,"column":4},"end":{"line":48,"column":5}},"type":"if","locations":[{"start":{"line":44,"column":4},"end":{"line":48,"column":5}},{"start":{},"end":{}}],"line":44},"5":{"loc":{"start":{"line":44,"column":8},"end":{"line":44,"column":51}},"type":"binary-expr","locations":[{"start":{"line":44,"column":8},"end":{"line":44,"column":17}},{"start":{"line":44,"column":21},"end":{"line":44,"column":51}}],"line":44},"6":{"loc":{"start":{"line":46,"column":28},"end":{"line":46,"column":64}},"type":"cond-expr","locations":[{"start":{"line":46,"column":39},"end":{"line":46,"column":52}},{"start":{"line":46,"column":55},"end":{"line":46,"column":64}}],"line":46}},"s":{"0":3,"1":3,"2":3,"3":6,"4":5,"5":6,"6":1,"7":5,"8":5,"9":4,"10":4,"11":4,"12":2,"13":2,"14":4,"15":1,"16":1,"17":3,"18":3,"19":2,"20":1,"21":1,"22":3},"f":{"0":6,"1":3,"2":2},"b":{"0":[5,1],"1":[6,5],"2":[1,5],"3":[2,2],"4":[1,1],"5":[2,2],"6":[1,0]},"_coverageSchema":"1a1c01bbd47fc00a2c39e90264f33305004495a9","hash":"5cebc441b32f0d5b4ff67beb48eb0d29f8c5c450"}
,"/Users/eduardocabrera/Documents/projects/Smart-Queue-Management-Application/backend/routes/auth.js": {"path":"/Users/eduardocabrera/Documents/projects/Smart-Queue-Management-Application/backend/routes/auth.js","statementMap":{"0":{"start":{"line":1,"column":16},"end":{"line":1,"column":34}},"1":{"start":{"line":2,"column":15},"end":{"line":2,"column":31}},"2":{"start":{"line":3,"column":21},"end":{"line":3,"column":61}},"3":{"start":{"line":4,"column":32},"end":{"line":4,"column":71}},"4":{"start":{"line":7,"column":0},"end":{"line":7,"column":52}},"5":{"start":{"line":10,"column":22},"end":{"line":10,"column":61}},"6":{"start":{"line":11,"column":0},"end":{"line":13,"column":3}},"7":{"start":{"line":12,"column":2},"end":{"line":12,"column":41}},"8":{"start":{"line":15,"column":0},"end":{"line":15,"column":24}}},"fnMap":{"0":{"name":"(anonymous_0)","decl":{"start":{"line":11,"column":67},"end":{"line":11,"column":68}},"loc":{"start":{"line":11,"column":81},"end":{"line":13,"column":1}},"line":11}},"branchMap":{},"s":{"0":3,"1":3,"2":3,"3":3,"4":3,"5":3,"6":3,"7":1,"8":3},"f":{"0":1},"b":{},"_coverageSchema":"1a1c01bbd47fc00a2c39e90264f33305004495a9","hash":"2514351c025b5658d4552e4ee03755980feb645b"}
,"/Users/eduardocabrera/Documents/projects/Smart-Queue-Management-Application/backend/src/app.js": {"path":"/Users/eduardocabrera/Documents/projects/Smart-Queue-Management-Application/backend/src/app.js","statementMap":{"0":{"start":{"line":1,"column":16},"end":{"line":1,"column":34}},"1":{"start":{"line":2,"column":13},"end":{"line":2,"column":28}},"2":{"start":{"line":4,"column":23},"end":{"line":4,"column":51}},"3":{"start":{"line":5,"column":20},"end":{"line":5,"column":45}},"4":{"start":{"line":7,"column":12},"end":{"line":7,"column":21}},"5":{"start":{"line":9,"column":0},"end":{"line":9,"column":16}},"6":{"start":{"line":11,"column":0},"end":{"line":11,"column":24}},"7":{"start":{"line":13,"column":0},"end":{"line":15,"column":3}},"8":{"start":{"line":14,"column":2},"end":{"line":14,"column":41}},"9":{"start":{"line":17,"column":0},"end":{"line":17,"column":41}},"10":{"start":{"line":19,"column":0},"end":{"line":19,"column":35}},"11":{"start":{"line":21,"column":19},"end":{"line":21,"column":44}},"12":{"start":{"line":22,"column":0},"end":{"line":22,"column":33}},"13":{"start":{"line":24,"column":0},"end":{"line":26,"column":3}},"14":{"start":{"line":25,"column":2},"end":{"line":25,"column":47}},"15":{"start":{"line":28,"column":0},"end":{"line":31,"column":3}},"16":{"start":{"line":29,"column":2},"end":{"line":29,"column":21}},"17":{"start":{"line":30,"column":2},"end":{"line":30,"column":59}},"18":{"start":{"line":33,"column":0},"end":{"line":33,"column":21}}},"fnMap":{"0":{"name":"(anonymous_0)","decl":{"start":{"line":13,"column":23},"end":{"line":13,"column":24}},"loc":{"start":{"line":13,"column":37},"end":{"line":15,"column":1}},"line":13},"1":{"name":"(anonymous_1)","decl":{"start":{"line":24,"column":16},"end":{"line":24,"column":17}},"loc":{"start":{"line":24,"column":30},"end":{"line":26,"column":1}},"line":24},"2":{"name":"(anonymous_2)","decl":{"start":{"line":28,"column":8},"end":{"line":28,"column":9}},"loc":{"start":{"line":28,"column":33},"end":{"line":31,"column":1}},"line":28}},"branchMap":{},"s":{"0":3,"1":3,"2":3,"3":3,"4":3,"5":3,"6":3,"7":3,"8":0,"9":3,"10":3,"11":3,"12":3,"13":3,"14":0,"15":3,"16":0,"17":0,"18":3},"f":{"0":0,"1":0,"2":0},"b":{},"_coverageSchema":"1a1c01bbd47fc00a2c39e90264f33305004495a9","hash":"f2f5f309a5183b1315d96a4face723a1ba75815f"}
,"/Users/eduardocabrera/Documents/projects/Smart-Queue-Management-Application/backend/src/data/store.js": {"path":"/Users/eduardocabrera/Documents/projects/Smart-Queue-Management-Application/backend/src/data/store.js","statementMap":{"0":{"start":{"line":1,"column":23},"end":{"line":1,"column":40}},"1":{"start":{"line":4,"column":14},"end":{"line":4,"column":38}},"2":{"start":{"line":5,"column":2},"end":{"line":46,"column":4}},"3":{"start":{"line":50,"column":14},"end":{"line":50,"column":24}},"4":{"start":{"line":51,"column":14},"end":{"line":51,"column":20}},"5":{"start":{"line":52,"column":2},"end":{"line":59,"column":4}},"6":{"start":{"line":62,"column":17},"end":{"line":62,"column":31}},"7":{"start":{"line":63,"column":21},"end":{"line":63,"column":40}},"8":{"start":{"line":66,"column":2},"end":{"line":66,"column":22}},"9":{"start":{"line":67,"column":2},"end":{"line":67,"column":35}},"10":{"start":{"line":68,"column":2},"end":{"line":68,"column":26}},"11":{"start":{"line":69,"column":2},"end":{"line":69,"column":44}},"12":{"start":{"line":72,"column":0},"end":{"line":72,"column":56}}},"fnMap":{"0":{"name":"seedServices","decl":{"start":{"line":3,"column":9},"end":{"line":3,"column":21}},"loc":{"start":{"line":3,"column":24},"end":{"line":47,"column":1}},"line":3},"1":{"name":"seedQueue","decl":{"start":{"line":49,"column":9},"end":{"line":49,"column":18}},"loc":{"start":{"line":49,"column":29},"end":{"line":60,"column":1}},"line":49},"2":{"name":"resetStore","decl":{"start":{"line":65,"column":9},"end":{"line":65,"column":19}},"loc":{"start":{"line":65,"column":22},"end":{"line":70,"column":1}},"line":65}},"branchMap":{},"s":{"0":3,"1":47,"2":47,"3":47,"4":47,"5":47,"6":3,"7":3,"8":44,"9":44,"10":44,"11":44,"12":3},"f":{"0":47,"1":47,"2":44},"b":{},"_coverageSchema":"1a1c01bbd47fc00a2c39e90264f33305004495a9","hash":"c87f11ab63d4d005c0b237dfed4dca573287812a"}
,"/Users/eduardocabrera/Documents/projects/Smart-Queue-Management-Application/backend/src/routes/queue.js": {"path":"/Users/eduardocabrera/Documents/projects/Smart-Queue-Management-Application/backend/src/routes/queue.js","statementMap":{"0":{"start":{"line":1,"column":16},"end":{"line":1,"column":34}},"1":{"start":{"line":2,"column":23},"end":{"line":2,"column":40}},"2":{"start":{"line":4,"column":35},"end":{"line":4,"column":59}},"3":{"start":{"line":5,"column":30},"end":{"line":5,"column":69}},"4":{"start":{"line":7,"column":15},"end":{"line":7,"column":31}},"5":{"start":{"line":9,"column":22},"end":{"line":9,"column":52}},"6":{"start":{"line":12,"column":2},"end":{"line":16,"column":6}},"7":{"start":{"line":13,"column":19},"end":{"line":13,"column":44}},"8":{"start":{"line":15,"column":16},"end":{"line":15,"column":96}},"9":{"start":{"line":20,"column":19},"end":{"line":20,"column":42}},"10":{"start":{"line":21,"column":2},"end":{"line":25,"column":6}},"11":{"start":{"line":21,"column":38},"end":{"line":25,"column":3}},"12":{"start":{"line":28,"column":0},"end":{"line":36,"column":3}},"13":{"start":{"line":29,"column":18},"end":{"line":34,"column":5}},"14":{"start":{"line":29,"column":39},"end":{"line":34,"column":3}},"15":{"start":{"line":35,"column":2},"end":{"line":35,"column":36}},"16":{"start":{"line":38,"column":0},"end":{"line":51,"column":3}},"17":{"start":{"line":39,"column":18},"end":{"line":39,"column":69}},"18":{"start":{"line":39,"column":39},"end":{"line":39,"column":68}},"19":{"start":{"line":40,"column":2},"end":{"line":42,"column":3}},"20":{"start":{"line":41,"column":4},"end":{"line":41,"column":65}},"21":{"start":{"line":44,"column":18},"end":{"line":44,"column":45}},"22":{"start":{"line":45,"column":2},"end":{"line":50,"column":5}},"23":{"start":{"line":53,"column":0},"end":{"line":85,"column":3}},"24":{"start":{"line":54,"column":18},"end":{"line":54,"column":69}},"25":{"start":{"line":54,"column":39},"end":{"line":54,"column":68}},"26":{"start":{"line":55,"column":2},"end":{"line":57,"column":3}},"27":{"start":{"line":56,"column":4},"end":{"line":56,"column":65}},"28":{"start":{"line":59,"column":2},"end":{"line":61,"column":3}},"29":{"start":{"line":60,"column":4},"end":{"line":60,"column":104}},"30":{"start":{"line":63,"column":28},"end":{"line":63,"column":55}},"31":{"start":{"line":64,"column":2},"end":{"line":66,"column":3}},"32":{"start":{"line":65,"column":4},"end":{"line":65,"column":44}},"33":{"start":{"line":68,"column":16},"end":{"line":74,"column":3}},"34":{"start":{"line":76,"column":2},"end":{"line":76,"column":27}},"35":{"start":{"line":78,"column":23},"end":{"line":78,"column":80}},"36":{"start":{"line":79,"column":17},"end":{"line":79,"column":60}},"37":{"start":{"line":79,"column":42},"end":{"line":79,"column":59}},"38":{"start":{"line":81,"column":2},"end":{"line":84,"column":5}},"39":{"start":{"line":87,"column":0},"end":{"line":107,"column":3}},"40":{"start":{"line":88,"column":18},"end":{"line":88,"column":69}},"41":{"start":{"line":88,"column":39},"end":{"line":88,"column":68}},"42":{"start":{"line":89,"column":2},"end":{"line":91,"column":3}},"43":{"start":{"line":90,"column":4},"end":{"line":90,"column":65}},"44":{"start":{"line":93,"column":16},"end":{"line":95,"column":3}},"45":{"start":{"line":94,"column":11},"end":{"line":94,"column":68}},"46":{"start":{"line":97,"column":2},"end":{"line":99,"column":3}},"47":{"start":{"line":98,"column":4},"end":{"line":98,"column":69}},"48":{"start":{"line":101,"column":20},"end":{"line":101,"column":49}},"49":{"start":{"line":103,"column":2},"end":{"line":106,"column":5}},"50":{"start":{"line":109,"column":0},"end":{"line":128,"column":3}},"51":{"start":{"line":110,"column":18},"end":{"line":110,"column":69}},"52":{"start":{"line":110,"column":39},"end":{"line":110,"column":68}},"53":{"start":{"line":111,"column":2},"end":{"line":113,"column":3}},"54":{"start":{"line":112,"column":4},"end":{"line":112,"column":65}},"55":{"start":{"line":115,"column":18},"end":{"line":115,"column":45}},"56":{"start":{"line":116,"column":15},"end":{"line":116,"column":25}},"57":{"start":{"line":117,"column":2},"end":{"line":119,"column":3}},"58":{"start":{"line":118,"column":4},"end":{"line":118,"column":62}},"59":{"start":{"line":121,"column":16},"end":{"line":121,"column":63}},"60":{"start":{"line":121,"column":46},"end":{"line":121,"column":62}},"61":{"start":{"line":122,"column":2},"end":{"line":122,"column":32}},"62":{"start":{"line":124,"column":2},"end":{"line":127,"column":5}},"63":{"start":{"line":130,"column":0},"end":{"line":130,"column":24}}},"fnMap":{"0":{"name":"orderedQueueFor","decl":{"start":{"line":11,"column":9},"end":{"line":11,"column":24}},"loc":{"start":{"line":11,"column":36},"end":{"line":17,"column":1}},"line":11},"1":{"name":"(anonymous_1)","decl":{"start":{"line":13,"column":12},"end":{"line":13,"column":13}},"loc":{"start":{"line":13,"column":19},"end":{"line":13,"column":44}},"line":13},"2":{"name":"(anonymous_2)","decl":{"start":{"line":15,"column":6},"end":{"line":15,"column":7}},"loc":{"start":{"line":15,"column":16},"end":{"line":15,"column":96}},"line":15},"3":{"name":"withPositionAndWait","decl":{"start":{"line":19,"column":9},"end":{"line":19,"column":28}},"loc":{"start":{"line":19,"column":47},"end":{"line":26,"column":1}},"line":19},"4":{"name":"(anonymous_4)","decl":{"start":{"line":21,"column":21},"end":{"line":21,"column":22}},"loc":{"start":{"line":21,"column":38},"end":{"line":25,"column":3}},"line":21},"5":{"name":"(anonymous_5)","decl":{"start":{"line":28,"column":16},"end":{"line":28,"column":17}},"loc":{"start":{"line":28,"column":30},"end":{"line":36,"column":1}},"line":28},"6":{"name":"(anonymous_6)","decl":{"start":{"line":29,"column":31},"end":{"line":29,"column":32}},"loc":{"start":{"line":29,"column":39},"end":{"line":34,"column":3}},"line":29},"7":{"name":"(anonymous_7)","decl":{"start":{"line":38,"column":26},"end":{"line":38,"column":27}},"loc":{"start":{"line":38,"column":40},"end":{"line":51,"column":1}},"line":38},"8":{"name":"(anonymous_8)","decl":{"start":{"line":39,"column":32},"end":{"line":39,"column":33}},"loc":{"start":{"line":39,"column":39},"end":{"line":39,"column":68}},"line":39},"9":{"name":"(anonymous_9)","decl":{"start":{"line":53,"column":32},"end":{"line":53,"column":33}},"loc":{"start":{"line":53,"column":46},"end":{"line":85,"column":1}},"line":53},"10":{"name":"(anonymous_10)","decl":{"start":{"line":54,"column":32},"end":{"line":54,"column":33}},"loc":{"start":{"line":54,"column":39},"end":{"line":54,"column":68}},"line":54},"11":{"name":"(anonymous_11)","decl":{"start":{"line":79,"column":35},"end":{"line":79,"column":36}},"loc":{"start":{"line":79,"column":42},"end":{"line":79,"column":59}},"line":79},"12":{"name":"(anonymous_12)","decl":{"start":{"line":87,"column":44},"end":{"line":87,"column":45}},"loc":{"start":{"line":87,"column":58},"end":{"line":107,"column":1}},"line":87},"13":{"name":"(anonymous_13)","decl":{"start":{"line":88,"column":32},"end":{"line":88,"column":33}},"loc":{"start":{"line":88,"column":39},"end":{"line":88,"column":68}},"line":88},"14":{"name":"(anonymous_14)","decl":{"start":{"line":94,"column":4},"end":{"line":94,"column":5}},"loc":{"start":{"line":94,"column":11},"end":{"line":94,"column":68}},"line":94},"15":{"name":"(anonymous_15)","decl":{"start":{"line":109,"column":33},"end":{"line":109,"column":34}},"loc":{"start":{"line":109,"column":47},"end":{"line":128,"column":1}},"line":109},"16":{"name":"(anonymous_16)","decl":{"start":{"line":110,"column":32},"end":{"line":110,"column":33}},"loc":{"start":{"line":110,"column":39},"end":{"line":110,"column":68}},"line":110},"17":{"name":"(anonymous_17)","decl":{"start":{"line":121,"column":39},"end":{"line":121,"column":40}},"loc":{"start":{"line":121,"column":46},"end":{"line":121,"column":62}},"line":121}},"branchMap":{"0":{"loc":{"start":{"line":15,"column":16},"end":{"line":15,"column":96}},"type":"binary-expr","locations":[{"start":{"line":15,"column":16},"end":{"line":15,"column":69}},{"start":{"line":15,"column":73},"end":{"line":15,"column":96}}],"line":15},"1":{"loc":{"start":{"line":20,"column":19},"end":{"line":20,"column":42}},"type":"binary-expr","locations":[{"start":{"line":20,"column":19},"end":{"line":20,"column":36}},{"start":{"line":20,"column":40},"end":{"line":20,"column":42}}],"line":20},"2":{"loc":{"start":{"line":40,"column":2},"end":{"line":42,"column":3}},"type":"if","locations":[{"start":{"line":40,"column":2},"end":{"line":42,"column":3}},{"start":{},"end":{}}],"line":40},"3":{"loc":{"start":{"line":55,"column":2},"end":{"line":57,"column":3}},"type":"if","locations":[{"start":{"line":55,"column":2},"end":{"line":57,"column":3}},{"start":{},"end":{}}],"line":55},"4":{"loc":{"start":{"line":59,"column":2},"end":{"line":61,"column":3}},"type":"if","locations":[{"start":{"line":59,"column":2},"end":{"line":61,"column":3}},{"start":{},"end":{}}],"line":59},"5":{"loc":{"start":{"line":64,"column":2},"end":{"line":66,"column":3}},"type":"if","locations":[{"start":{"line":64,"column":2},"end":{"line":66,"column":3}},{"start":{},"end":{}}],"line":64},"6":{"loc":{"start":{"line":72,"column":14},"end":{"line":72,"column":43}},"type":"binary-expr","locations":[{"start":{"line":72,"column":14},"end":{"line":72,"column":31}},{"start":{"line":72,"column":35},"end":{"line":72,"column":43}}],"line":72},"7":{"loc":{"start":{"line":89,"column":2},"end":{"line":91,"column":3}},"type":"if","locations":[{"start":{"line":89,"column":2},"end":{"line":91,"column":3}},{"start":{},"end":{}}],"line":89},"8":{"loc":{"start":{"line":94,"column":11},"end":{"line":94,"column":68}},"type":"binary-expr","locations":[{"start":{"line":94,"column":11},"end":{"line":94,"column":38}},{"start":{"line":94,"column":42},"end":{"line":94,"column":68}}],"line":94},"9":{"loc":{"start":{"line":97,"column":2},"end":{"line":99,"column":3}},"type":"if","locations":[{"start":{"line":97,"column":2},"end":{"line":99,"column":3}},{"start":{},"end":{}}],"line":97},"10":{"loc":{"start":{"line":111,"column":2},"end":{"line":113,"column":3}},"type":"if","locations":[{"start":{"line":111,"column":2},"end":{"line":113,"column":3}},{"start":{},"end":{}}],"line":111},"11":{"loc":{"start":{"line":117,"column":2},"end":{"line":119,"column":3}},"type":"if","locations":[{"start":{"line":117,"column":2},"end":{"line":119,"column":3}},{"start":{},"end":{}}],"line":117}},"s":{"0":3,"1":3,"2":3,"3":3,"4":3,"5":3,"6":29,"7":162,"8":54,"9":18,"10":18,"11":42,"12":3,"13":1,"14":4,"15":1,"16":3,"17":9,"18":16,"19":9,"20":1,"21":8,"22":8,"23":3,"24":7,"25":13,"26":7,"27":1,"28":6,"29":1,"30":5,"31":5,"32":2,"33":3,"34":3,"35":3,"36":3,"37":10,"38":3,"39":3,"40":4,"41":8,"42":4,"43":1,"44":3,"45":13,"46":3,"47":2,"48":1,"49":1,"50":3,"51":8,"52":14,"53":8,"54":1,"55":7,"56":7,"57":7,"58":1,"59":6,"60":10,"61":6,"62":6,"63":3},"f":{"0":29,"1":162,"2":54,"3":18,"4":42,"5":1,"6":4,"7":9,"8":16,"9":7,"10":13,"11":10,"12":4,"13":8,"14":13,"15":8,"16":14,"17":10},"b":{"0":[54,3],"1":[18,0],"2":[1,8],"3":[1,6],"4":[1,5],"5":[2,3],"6":[3,1],"7":[1,3],"8":[13,2],"9":[2,1],"10":[1,7],"11":[1,6]},"_coverageSchema":"1a1c01bbd47fc00a2c39e90264f33305004495a9","hash":"0a407e4c50650ef9835a8e748bc70f8a112bf199"}
,"/Users/eduardocabrera/Documents/projects/Smart-Queue-Management-Application/backend/src/routes/services.js": {"path":"/Users/eduardocabrera/Documents/projects/Smart-Queue-Management-Application/backend/src/routes/services.js","statementMap":{"0":{"start":{"line":1,"column":16},"end":{"line":1,"column":34}},"1":{"start":{"line":2,"column":23},"end":{"line":2,"column":40}},"2":{"start":{"line":4,"column":21},"end":{"line":4,"column":45}},"3":{"start":{"line":5,"column":33},"end":{"line":5,"column":74}},"4":{"start":{"line":7,"column":15},"end":{"line":7,"column":31}},"5":{"start":{"line":9,"column":0},"end":{"line":11,"column":3}},"6":{"start":{"line":10,"column":2},"end":{"line":10,"column":37}},"7":{"start":{"line":13,"column":0},"end":{"line":19,"column":3}},"8":{"start":{"line":14,"column":18},"end":{"line":14,"column":62}},"9":{"start":{"line":14,"column":39},"end":{"line":14,"column":61}},"10":{"start":{"line":15,"column":2},"end":{"line":17,"column":3}},"11":{"start":{"line":16,"column":4},"end":{"line":16,"column":65}},"12":{"start":{"line":18,"column":2},"end":{"line":18,"column":36}},"13":{"start":{"line":21,"column":0},"end":{"line":41,"column":3}},"14":{"start":{"line":22,"column":28},"end":{"line":22,"column":58}},"15":{"start":{"line":23,"column":2},"end":{"line":25,"column":3}},"16":{"start":{"line":24,"column":4},"end":{"line":24,"column":44}},"17":{"start":{"line":27,"column":14},"end":{"line":27,"column":38}},"18":{"start":{"line":28,"column":18},"end":{"line":37,"column":3}},"19":{"start":{"line":39,"column":2},"end":{"line":39,"column":25}},"20":{"start":{"line":40,"column":2},"end":{"line":40,"column":36}},"21":{"start":{"line":43,"column":0},"end":{"line":64,"column":3}},"22":{"start":{"line":44,"column":18},"end":{"line":44,"column":62}},"23":{"start":{"line":44,"column":39},"end":{"line":44,"column":61}},"24":{"start":{"line":45,"column":2},"end":{"line":47,"column":3}},"25":{"start":{"line":46,"column":4},"end":{"line":46,"column":65}},"26":{"start":{"line":49,"column":28},"end":{"line":49,"column":58}},"27":{"start":{"line":50,"column":2},"end":{"line":52,"column":3}},"28":{"start":{"line":51,"column":4},"end":{"line":51,"column":44}},"29":{"start":{"line":54,"column":2},"end":{"line":54,"column":38}},"30":{"start":{"line":55,"column":2},"end":{"line":55,"column":52}},"31":{"start":{"line":56,"column":2},"end":{"line":56,"column":47}},"32":{"start":{"line":57,"column":2},"end":{"line":57,"column":39}},"33":{"start":{"line":58,"column":2},"end":{"line":60,"column":3}},"34":{"start":{"line":59,"column":4},"end":{"line":59,"column":33}},"35":{"start":{"line":61,"column":2},"end":{"line":61,"column":47}},"36":{"start":{"line":63,"column":2},"end":{"line":63,"column":36}},"37":{"start":{"line":66,"column":0},"end":{"line":66,"column":24}}},"fnMap":{"0":{"name":"(anonymous_0)","decl":{"start":{"line":9,"column":16},"end":{"line":9,"column":17}},"loc":{"start":{"line":9,"column":30},"end":{"line":11,"column":1}},"line":9},"1":{"name":"(anonymous_1)","decl":{"start":{"line":13,"column":19},"end":{"line":13,"column":20}},"loc":{"start":{"line":13,"column":33},"end":{"line":19,"column":1}},"line":13},"2":{"name":"(anonymous_2)","decl":{"start":{"line":14,"column":32},"end":{"line":14,"column":33}},"loc":{"start":{"line":14,"column":39},"end":{"line":14,"column":61}},"line":14},"3":{"name":"(anonymous_3)","decl":{"start":{"line":21,"column":17},"end":{"line":21,"column":18}},"loc":{"start":{"line":21,"column":31},"end":{"line":41,"column":1}},"line":21},"4":{"name":"(anonymous_4)","decl":{"start":{"line":43,"column":19},"end":{"line":43,"column":20}},"loc":{"start":{"line":43,"column":33},"end":{"line":64,"column":1}},"line":43},"5":{"name":"(anonymous_5)","decl":{"start":{"line":44,"column":32},"end":{"line":44,"column":33}},"loc":{"start":{"line":44,"column":39},"end":{"line":44,"column":61}},"line":44}},"branchMap":{"0":{"loc":{"start":{"line":15,"column":2},"end":{"line":17,"column":3}},"type":"if","locations":[{"start":{"line":15,"column":2},"end":{"line":17,"column":3}},{"start":{},"end":{}}],"line":15},"1":{"loc":{"start":{"line":23,"column":2},"end":{"line":25,"column":3}},"type":"if","locations":[{"start":{"line":23,"column":2},"end":{"line":25,"column":3}},{"start":{},"end":{}}],"line":23},"2":{"loc":{"start":{"line":34,"column":10},"end":{"line":34,"column":67}},"type":"cond-expr","locations":[{"start":{"line":34,"column":47},"end":{"line":34,"column":60}},{"start":{"line":34,"column":63},"end":{"line":34,"column":67}}],"line":34},"3":{"loc":{"start":{"line":45,"column":2},"end":{"line":47,"column":3}},"type":"if","locations":[{"start":{"line":45,"column":2},"end":{"line":47,"column":3}},{"start":{},"end":{}}],"line":45},"4":{"loc":{"start":{"line":50,"column":2},"end":{"line":52,"column":3}},"type":"if","locations":[{"start":{"line":50,"column":2},"end":{"line":52,"column":3}},{"start":{},"end":{}}],"line":50},"5":{"loc":{"start":{"line":58,"column":2},"end":{"line":60,"column":3}},"type":"if","locations":[{"start":{"line":58,"column":2},"end":{"line":60,"column":3}},{"start":{},"end":{}}],"line":58}},"s":{"0":3,"1":3,"2":3,"3":3,"4":3,"5":3,"6":2,"7":3,"8":3,"9":7,"10":3,"11":1,"12":2,"13":3,"14":15,"15":15,"16":11,"17":4,"18":4,"19":4,"20":4,"21":3,"22":5,"23":9,"24":5,"25":1,"26":4,"27":4,"28":1,"29":3,"30":3,"31":3,"32":3,"33":3,"34":2,"35":3,"36":3,"37":3},"f":{"0":2,"1":3,"2":7,"3":15,"4":5,"5":9},"b":{"0":[1,2],"1":[11,4],"2":[1,3],"3":[1,4],"4":[1,3],"5":[2,1]},"_coverageSchema":"1a1c01bbd47fc00a2c39e90264f33305004495a9","hash":"cb5e24b9414ec9ecfa52fbe8841d6b2074da6819"}
,"/Users/eduardocabrera/Documents/projects/Smart-Queue-Management-Application/backend/src/validators/queueValidator.js": {"path":"/Users/eduardocabrera/Documents/projects/Smart-Queue-Management-Application/backend/src/validators/queueValidator.js","statementMap":{"0":{"start":{"line":1,"column":19},"end":{"line":1,"column":44}},"1":{"start":{"line":2,"column":24},"end":{"line":2,"column":27}},"2":{"start":{"line":5,"column":17},"end":{"line":5,"column":19}},"3":{"start":{"line":6,"column":16},"end":{"line":6,"column":60}},"4":{"start":{"line":8,"column":2},"end":{"line":12,"column":3}},"5":{"start":{"line":9,"column":4},"end":{"line":9,"column":53}},"6":{"start":{"line":10,"column":9},"end":{"line":12,"column":3}},"7":{"start":{"line":11,"column":4},"end":{"line":11,"column":88}},"8":{"start":{"line":14,"column":2},"end":{"line":16,"column":3}},"9":{"start":{"line":15,"column":4},"end":{"line":15,"column":75}},"10":{"start":{"line":18,"column":2},"end":{"line":18,"column":61}},"11":{"start":{"line":21,"column":0},"end":{"line":21,"column":68}}},"fnMap":{"0":{"name":"validateJoinInput","decl":{"start":{"line":4,"column":9},"end":{"line":4,"column":26}},"loc":{"start":{"line":4,"column":33},"end":{"line":19,"column":1}},"line":4}},"branchMap":{"0":{"loc":{"start":{"line":6,"column":16},"end":{"line":6,"column":60}},"type":"cond-expr","locations":[{"start":{"line":6,"column":51},"end":{"line":6,"column":55}},{"start":{"line":6,"column":58},"end":{"line":6,"column":60}}],"line":6},"1":{"loc":{"start":{"line":6,"column":16},"end":{"line":6,"column":48}},"type":"binary-expr","locations":[{"start":{"line":6,"column":16},"end":{"line":6,"column":20}},{"start":{"line":6,"column":24},"end":{"line":6,"column":48}}],"line":6},"2":{"loc":{"start":{"line":8,"column":2},"end":{"line":12,"column":3}},"type":"if","locations":[{"start":{"line":8,"column":2},"end":{"line":12,"column":3}},{"start":{"line":10,"column":9},"end":{"line":12,"column":3}}],"line":8},"3":{"loc":{"start":{"line":8,"column":6},"end":{"line":8,"column":72}},"type":"binary-expr","locations":[{"start":{"line":8,"column":6},"end":{"line":8,"column":43}},{"start":{"line":8,"column":47},"end":{"line":8,"column":72}}],"line":8},"4":{"loc":{"start":{"line":10,"column":9},"end":{"line":12,"column":3}},"type":"if","locations":[{"start":{"line":10,"column":9},"end":{"line":12,"column":3}},{"start":{},"end":{}}],"line":10},"5":{"loc":{"start":{"line":14,"column":2},"end":{"line":16,"column":3}},"type":"if","locations":[{"start":{"line":14,"column":2},"end":{"line":16,"column":3}},{"start":{},"end":{}}],"line":14},"6":{"loc":{"start":{"line":14,"column":6},"end":{"line":14,"column":74}},"type":"binary-expr","locations":[{"start":{"line":14,"column":6},"end":{"line":14,"column":34}},{"start":{"line":14,"column":38},"end":{"line":14,"column":74}}],"line":14}},"s":{"0":3,"1":3,"2":5,"3":5,"4":5,"5":1,"6":4,"7":0,"8":5,"9":1,"10":5,"11":3},"f":{"0":5},"b":{"0":[5,0],"1":[5,5],"2":[1,4],"3":[5,4],"4":[0,4],"5":[1,4],"6":[5,3]},"_coverageSchema":"1a1c01bbd47fc00a2c39e90264f33305004495a9","hash":"d6dd38605697c0c30075f9b27bf6a3786b65122b"}
,"/Users/eduardocabrera/Documents/projects/Smart-Queue-Management-Application/backend/src/validators/serviceValidator.js": {"path":"/Users/eduardocabrera/Documents/projects/Smart-Queue-Management-Application/backend/src/validators/serviceValidator.js","statementMap":{"0":{"start":{"line":1,"column":19},"end":{"line":1,"column":44}},"1":{"start":{"line":2,"column":24},"end":{"line":2,"column":27}},"2":{"start":{"line":5,"column":17},"end":{"line":5,"column":19}},"3":{"start":{"line":6,"column":16},"end":{"line":6,"column":60}},"4":{"start":{"line":8,"column":2},"end":{"line":12,"column":3}},"5":{"start":{"line":9,"column":4},"end":{"line":9,"column":46}},"6":{"start":{"line":10,"column":9},"end":{"line":12,"column":3}},"7":{"start":{"line":11,"column":4},"end":{"line":11,"column":81}},"8":{"start":{"line":14,"column":2},"end":{"line":16,"column":3}},"9":{"start":{"line":15,"column":4},"end":{"line":15,"column":52}},"10":{"start":{"line":18,"column":2},"end":{"line":27,"column":3}},"11":{"start":{"line":19,"column":4},"end":{"line":19,"column":65}},"12":{"start":{"line":21,"column":21},"end":{"line":21,"column":43}},"13":{"start":{"line":22,"column":4},"end":{"line":26,"column":5}},"14":{"start":{"line":23,"column":6},"end":{"line":23,"column":82}},"15":{"start":{"line":24,"column":11},"end":{"line":26,"column":5}},"16":{"start":{"line":25,"column":6},"end":{"line":25,"column":79}},"17":{"start":{"line":29,"column":2},"end":{"line":31,"column":3}},"18":{"start":{"line":30,"column":4},"end":{"line":30,"column":75}},"19":{"start":{"line":33,"column":2},"end":{"line":35,"column":3}},"20":{"start":{"line":34,"column":4},"end":{"line":34,"column":48}},"21":{"start":{"line":37,"column":2},"end":{"line":37,"column":61}},"22":{"start":{"line":40,"column":0},"end":{"line":40,"column":71}}},"fnMap":{"0":{"name":"validateServiceInput","decl":{"start":{"line":4,"column":9},"end":{"line":4,"column":29}},"loc":{"start":{"line":4,"column":36},"end":{"line":38,"column":1}},"line":4}},"branchMap":{"0":{"loc":{"start":{"line":6,"column":16},"end":{"line":6,"column":60}},"type":"cond-expr","locations":[{"start":{"line":6,"column":51},"end":{"line":6,"column":55}},{"start":{"line":6,"column":58},"end":{"line":6,"column":60}}],"line":6},"1":{"loc":{"start":{"line":6,"column":16},"end":{"line":6,"column":48}},"type":"binary-expr","locations":[{"start":{"line":6,"column":16},"end":{"line":6,"column":20}},{"start":{"line":6,"column":24},"end":{"line":6,"column":48}}],"line":6},"2":{"loc":{"start":{"line":8,"column":2},"end":{"line":12,"column":3}},"type":"if","locations":[{"start":{"line":8,"column":2},"end":{"line":12,"column":3}},{"start":{"line":10,"column":9},"end":{"line":12,"column":3}}],"line":8},"3":{"loc":{"start":{"line":8,"column":6},"end":{"line":8,"column":58}},"type":"binary-expr","locations":[{"start":{"line":8,"column":6},"end":{"line":8,"column":36}},{"start":{"line":8,"column":40},"end":{"line":8,"column":58}}],"line":8},"4":{"loc":{"start":{"line":10,"column":9},"end":{"line":12,"column":3}},"type":"if","locations":[{"start":{"line":10,"column":9},"end":{"line":12,"column":3}},{"start":{},"end":{}}],"line":10},"5":{"loc":{"start":{"line":14,"column":2},"end":{"line":16,"column":3}},"type":"if","locations":[{"start":{"line":14,"column":2},"end":{"line":16,"column":3}},{"start":{},"end":{}}],"line":14},"6":{"loc":{"start":{"line":14,"column":6},"end":{"line":14,"column":72}},"type":"binary-expr","locations":[{"start":{"line":14,"column":6},"end":{"line":14,"column":43}},{"start":{"line":14,"column":47},"end":{"line":14,"column":72}}],"line":14},"7":{"loc":{"start":{"line":18,"column":2},"end":{"line":27,"column":3}},"type":"if","locations":[{"start":{"line":18,"column":2},"end":{"line":27,"column":3}},{"start":{"line":20,"column":9},"end":{"line":27,"column":3}}],"line":18},"8":{"loc":{"start":{"line":18,"column":6},"end":{"line":18,"column":86}},"type":"binary-expr","locations":[{"start":{"line":18,"column":6},"end":{"line":18,"column":34}},{"start":{"line":18,"column":38},"end":{"line":18,"column":61}},{"start":{"line":18,"column":65},"end":{"line":18,"column":86}}],"line":18},"9":{"loc":{"start":{"line":22,"column":4},"end":{"line":26,"column":5}},"type":"if","locations":[{"start":{"line":22,"column":4},"end":{"line":26,"column":5}},{"start":{"line":24,"column":11},"end":{"line":26,"column":5}}],"line":22},"10":{"loc":{"start":{"line":22,"column":8},"end":{"line":22,"column":77}},"type":"binary-expr","locations":[{"start":{"line":22,"column":8},"end":{"line":22,"column":30}},{"start":{"line":22,"column":34},"end":{"line":22,"column":60}},{"start":{"line":22,"column":64},"end":{"line":22,"column":77}}],"line":22},"11":{"loc":{"start":{"line":24,"column":11},"end":{"line":26,"column":5}},"type":"if","locations":[{"start":{"line":24,"column":11},"end":{"line":26,"column":5}},{"start":{},"end":{}}],"line":24},"12":{"loc":{"start":{"line":29,"column":2},"end":{"line":31,"column":3}},"type":"if","locations":[{"start":{"line":29,"column":2},"end":{"line":31,"column":3}},{"start":{},"end":{}}],"line":29},"13":{"loc":{"start":{"line":33,"column":2},"end":{"line":35,"column":3}},"type":"if","locations":[{"start":{"line":33,"column":2},"end":{"line":35,"column":3}},{"start":{},"end":{}}],"line":33},"14":{"loc":{"start":{"line":33,"column":6},"end":{"line":33,"column":65}},"type":"binary-expr","locations":[{"start":{"line":33,"column":6},"end":{"line":33,"column":30}},{"start":{"line":33,"column":34},"end":{"line":33,"column":65}}],"line":33}},"s":{"0":3,"1":3,"2":19,"3":19,"4":19,"5":4,"6":15,"7":1,"8":19,"9":2,"10":19,"11":2,"12":17,"13":17,"14":2,"15":15,"16":1,"17":19,"18":3,"19":19,"20":0,"21":19,"22":3},"f":{"0":19},"b":{"0":[19,0],"1":[19,19],"2":[4,15],"3":[19,17],"4":[1,14],"5":[2,17],"6":[19,17],"7":[2,17],"8":[19,17,17],"9":[2,15],"10":[17,17,17],"11":[1,14],"12":[3,16],"13":[0,19],"14":[19,4]},"_coverageSchema":"1a1c01bbd47fc00a2c39e90264f33305004495a9","hash":"995882989ac8f05e8749cb00d80e33f00df8d3df"}
}
