TN:
SF:index.js
FN:6,(anonymous_0)
FNF:1
FNH:0
FNDA:0,(anonymous_0)
DA:1,1
DA:3,1
DA:5,1
DA:6,0
DA:7,0
DA:11,1
LF:6
LH:4
BRDA:3,0,0,1
BRDA:3,0,1,1
BRDA:5,1,0,0
BRDA:5,1,1,1
BRF:4
BRH:3
end_of_record
TN:
SF:config/firebase.js
FNF:0
FNH:0
DA:1,2
DA:5,2
DA:6,2
DA:8,2
DA:11,2
DA:14,2
DA:15,2
DA:16,2
DA:17,0
DA:21,2
DA:23,2
DA:25,0
DA:29,2
LF:13
LH:11
BRDA:14,0,0,2
BRDA:14,0,1,0
BRDA:14,1,0,2
BRDA:14,1,1,2
BRDA:16,2,0,0
BRDA:16,2,1,2
BRF:6
BRH:4
end_of_record
TN:
SF:controllers/authController.js
FN:6,(anonymous_0)
FNF:1
FNH:1
FNDA:2,(anonymous_0)
DA:1,3
DA:6,3
DA:7,2
DA:8,2
DA:9,2
DA:12,2
DA:13,0
DA:16,2
DA:20,2
DA:21,2
DA:22,1
DA:25,2
DA:34,2
DA:39,0
DA:40,0
DA:44,3
LF:16
LH:13
BRDA:12,0,0,0
BRDA:12,0,1,2
BRDA:12,1,0,2
BRDA:12,1,1,2
BRDA:16,2,0,2
BRDA:16,2,1,0
BRDA:21,3,0,1
BRDA:21,3,1,1
BRDA:21,4,0,2
BRDA:21,4,1,1
BRDA:28,5,0,2
BRDA:28,5,1,0
BRF:12
BRH:9
end_of_record
TN:
SF:data/users.js
FNF:0
FNH:0
DA:4,3
DA:6,3
LF:2
LH:2
BRF:0
BRH:0
end_of_record
TN:
SF:middleware/authMiddleware.js
FN:5,(anonymous_0)
FN:42,(anonymous_1)
FN:43,(anonymous_2)
FNF:3
FNH:3
FNDA:6,(anonymous_0)
FNDA:3,(anonymous_1)
FNDA:2,(anonymous_2)
DA:1,3
DA:2,3
DA:5,3
DA:8,6
DA:12,5
DA:15,6
DA:16,1
DA:19,5
DA:21,5
DA:24,4
DA:27,4
DA:28,4
DA:29,2
DA:31,2
DA:34,4
DA:36,1
DA:37,1
DA:42,3
DA:43,3
DA:44,2
DA:45,1
DA:49,1
DA:53,3
LF:23
LH:23
BRDA:8,0,0,5
BRDA:8,0,1,1
BRDA:9,1,0,6
BRDA:9,1,1,5
BRDA:15,2,0,1
BRDA:15,2,1,5
BRDA:28,3,0,2
BRDA:28,3,1,2
BRDA:44,4,0,1
BRDA:44,4,1,1
BRDA:44,5,0,2
BRDA:44,5,1,2
BRDA:46,6,0,1
BRDA:46,6,1,0
BRF:14
BRH:13
end_of_record
TN:
SF:routes/auth.js
FN:11,(anonymous_0)
FNF:1
FNH:1
FNDA:1,(anonymous_0)
DA:1,3
DA:2,3
DA:3,3
DA:4,3
DA:7,3
DA:10,3
DA:11,3
DA:12,1
DA:15,3
LF:9
LH:9
BRF:0
BRH:0
end_of_record
TN:
SF:src/app.js
FN:13,(anonymous_0)
FN:24,(anonymous_1)
FN:28,(anonymous_2)
FNF:3
FNH:0
FNDA:0,(anonymous_0)
FNDA:0,(anonymous_1)
FNDA:0,(anonymous_2)
DA:1,3
DA:2,3
DA:4,3
DA:5,3
DA:7,3
DA:9,3
DA:11,3
DA:13,3
DA:14,0
DA:17,3
DA:19,3
DA:21,3
DA:22,3
DA:24,3
DA:25,0
DA:28,3
DA:29,0
DA:30,0
DA:33,3
LF:19
LH:15
BRF:0
BRH:0
end_of_record
TN:
SF:src/data/store.js
FN:3,seedServices
FN:49,seedQueue
FN:65,resetStore
FNF:3
FNH:3
FNDA:47,seedServices
FNDA:47,seedQueue
FNDA:44,resetStore
DA:1,3
DA:4,47
DA:5,47
DA:50,47
DA:51,47
DA:52,47
DA:62,3
DA:63,3
DA:66,44
DA:67,44
DA:68,44
DA:69,44
DA:72,3
LF:13
LH:13
BRF:0
BRH:0
end_of_record
TN:
SF:src/routes/queue.js
FN:11,orderedQueueFor
FN:13,(anonymous_1)
FN:15,(anonymous_2)
FN:19,withPositionAndWait
FN:21,(anonymous_4)
FN:28,(anonymous_5)
FN:29,(anonymous_6)
FN:38,(anonymous_7)
FN:39,(anonymous_8)
FN:53,(anonymous_9)
FN:54,(anonymous_10)
FN:79,(anonymous_11)
FN:87,(anonymous_12)
FN:88,(anonymous_13)
FN:94,(anonymous_14)
FN:109,(anonymous_15)
FN:110,(anonymous_16)
FN:121,(anonymous_17)
FNF:18
FNH:18
FNDA:29,orderedQueueFor
FNDA:162,(anonymous_1)
FNDA:54,(anonymous_2)
FNDA:18,withPositionAndWait
FNDA:42,(anonymous_4)
FNDA:1,(anonymous_5)
FNDA:4,(anonymous_6)
FNDA:9,(anonymous_7)
FNDA:16,(anonymous_8)
FNDA:7,(anonymous_9)
FNDA:13,(anonymous_10)
FNDA:10,(anonymous_11)
FNDA:4,(anonymous_12)
FNDA:8,(anonymous_13)
FNDA:13,(anonymous_14)
FNDA:8,(anonymous_15)
FNDA:14,(anonymous_16)
FNDA:10,(anonymous_17)
DA:1,3
DA:2,3
DA:4,3
DA:5,3
DA:7,3
DA:9,3
DA:12,29
DA:13,162
DA:15,54
DA:20,18
DA:21,42
DA:28,3
DA:29,4
DA:35,1
DA:38,3
DA:39,16
DA:40,9
DA:41,1
DA:44,8
DA:45,8
DA:53,3
DA:54,13
DA:55,7
DA:56,1
DA:59,6
DA:60,1
DA:63,5
DA:64,5
DA:65,2
DA:68,3
DA:76,3
DA:78,3
DA:79,10
DA:81,3
DA:87,3
DA:88,8
DA:89,4
DA:90,1
DA:93,3
DA:94,13
DA:97,3
DA:98,2
DA:101,1
DA:103,1
DA:109,3
DA:110,14
DA:111,8
DA:112,1
DA:115,7
DA:116,7
DA:117,7
DA:118,1
DA:121,10
DA:122,6
DA:124,6
DA:130,3
LF:56
LH:56
BRDA:15,0,0,54
BRDA:15,0,1,3
BRDA:20,1,0,18
BRDA:20,1,1,0
BRDA:40,2,0,1
BRDA:40,2,1,8
BRDA:55,3,0,1
BRDA:55,3,1,6
BRDA:59,4,0,1
BRDA:59,4,1,5
BRDA:64,5,0,2
BRDA:64,5,1,3
BRDA:72,6,0,3
BRDA:72,6,1,1
BRDA:89,7,0,1
BRDA:89,7,1,3
BRDA:94,8,0,13
BRDA:94,8,1,2
BRDA:97,9,0,2
BRDA:97,9,1,1
BRDA:111,10,0,1
BRDA:111,10,1,7
BRDA:117,11,0,1
BRDA:117,11,1,6
BRF:24
BRH:23
end_of_record
TN:
SF:src/routes/services.js
FN:9,(anonymous_0)
FN:13,(anonymous_1)
FN:14,(anonymous_2)
FN:21,(anonymous_3)
FN:43,(anonymous_4)
FN:44,(anonymous_5)
FNF:6
FNH:6
FNDA:2,(anonymous_0)
FNDA:3,(anonymous_1)
FNDA:7,(anonymous_2)
FNDA:15,(anonymous_3)
FNDA:5,(anonymous_4)
FNDA:9,(anonymous_5)
DA:1,3
DA:2,3
DA:4,3
DA:5,3
DA:7,3
DA:9,3
DA:10,2
DA:13,3
DA:14,7
DA:15,3
DA:16,1
DA:18,2
DA:21,3
DA:22,15
DA:23,15
DA:24,11
DA:27,4
DA:28,4
DA:39,4
DA:40,4
DA:43,3
DA:44,9
DA:45,5
DA:46,1
DA:49,4
DA:50,4
DA:51,1
DA:54,3
DA:55,3
DA:56,3
DA:57,3
DA:58,3
DA:59,2
DA:61,3
DA:63,3
DA:66,3
LF:36
LH:36
BRDA:15,0,0,1
BRDA:15,0,1,2
BRDA:23,1,0,11
BRDA:23,1,1,4
BRDA:34,2,0,1
BRDA:34,2,1,3
BRDA:45,3,0,1
BRDA:45,3,1,4
BRDA:50,4,0,1
BRDA:50,4,1,3
BRDA:58,5,0,2
BRDA:58,5,1,1
BRF:12
BRH:12
end_of_record
TN:
SF:src/validators/queueValidator.js
FN:4,validateJoinInput
FNF:1
FNH:1
FNDA:5,validateJoinInput
DA:1,3
DA:2,3
DA:5,5
DA:6,5
DA:8,5
DA:9,1
DA:10,4
DA:11,0
DA:14,5
DA:15,1
DA:18,5
DA:21,3
LF:12
LH:11
BRDA:6,0,0,5
BRDA:6,0,1,0
BRDA:6,1,0,5
BRDA:6,1,1,5
BRDA:8,2,0,1
BRDA:8,2,1,4
BRDA:8,3,0,5
BRDA:8,3,1,4
BRDA:10,4,0,0
BRDA:10,4,1,4
BRDA:14,5,0,1
BRDA:14,5,1,4
BRDA:14,6,0,5
BRDA:14,6,1,3
BRF:14
BRH:12
end_of_record
TN:
SF:src/validators/serviceValidator.js
FN:4,validateServiceInput
FNF:1
FNH:1
FNDA:19,validateServiceInput
DA:1,3
DA:2,3
DA:5,19
DA:6,19
DA:8,19
DA:9,4
DA:10,15
DA:11,1
DA:14,19
DA:15,2
DA:18,19
DA:19,2
DA:21,17
DA:22,17
DA:23,2
DA:24,15
DA:25,1
DA:29,19
DA:30,3
DA:33,19
DA:34,0
DA:37,19
DA:40,3
LF:23
LH:22
BRDA:6,0,0,19
BRDA:6,0,1,0
BRDA:6,1,0,19
BRDA:6,1,1,19
BRDA:8,2,0,4
BRDA:8,2,1,15
BRDA:8,3,0,19
BRDA:8,3,1,17
BRDA:10,4,0,1
BRDA:10,4,1,14
BRDA:14,5,0,2
BRDA:14,5,1,17
BRDA:14,6,0,19
BRDA:14,6,1,17
BRDA:18,7,0,2
BRDA:18,7,1,17
BRDA:18,8,0,19
BRDA:18,8,1,17
BRDA:18,8,2,17
BRDA:22,9,0,2
BRDA:22,9,1,15
BRDA:22,10,0,17
BRDA:22,10,1,17
BRDA:22,10,2,17
BRDA:24,11,0,1
BRDA:24,11,1,14
BRDA:29,12,0,3
BRDA:29,12,1,16
BRDA:33,13,0,0
BRDA:33,13,1,19
BRDA:33,14,0,19
BRDA:33,14,1,4
BRF:32
BRH:30
end_of_record
